[92m[2025-08-25 10:35:21] [INFO] [0mRunning python 3.13.5
[92m[2025-08-25 10:35:21] [INFO] [0mPython path: C:\Users\justk\PycharmProjects\Azurite\.venv\Scripts\python.exe
[33m[2025-08-25 10:35:21] [LOADING] [0mLoading Azurite Pre-Alpha-1.0
[33m[2025-08-25 10:35:21] [LOADING] [0mBot path: C:\Users\justk\PycharmProjects\Azurite
[33m[2025-08-25 10:35:22] [LOADING] [0mLog name: 2025-08-25-5.log
[33m[2025-08-25 10:35:23] [LOADING] [0mApi Status code: 200
[33m[2025-08-25 10:35:23] [LOADING] [0mValid Token!
[2025-08-25 10:35:26] [LOADER] Module AzuriteDefault valid
[2025-08-25 10:35:27] [LOADER] Currently checking the module
[2025-08-25 10:35:27] [LOADER] Loading 1
[2025-08-25 10:35:27] [LOADER] Load module AzuriteDefault
[92m[2025-08-25 10:35:27] [INFO] [0m[AzuriteDefault] Hello world, I am the default module of Azurite
[32m[2025-08-25 10:35:27] [SUCCESS] [0mDone, waiting for sync..
[32m[2025-08-25 10:35:27] [SUCCESS] [0m0 slash commands
[92m[2025-08-25 10:35:27] [INFO] [0mLoad local events
[32m[2025-08-25 10:35:27] [SUCCESS] [0mBot has started
[92m[2025-08-25 10:35:27] [INFO] [0mPing: 236.06 ms
[92m[2025-08-25 10:35:32] [INFO] [0mPing: 236.06 ms
[92m[2025-08-25 10:35:37] [INFO] [0mPing: 236.06 ms
[92m[2025-08-25 10:35:42] [INFO] [0mPing: 236.06 ms
[92m[2025-08-25 10:35:47] [INFO] [0mPing: 236.06 ms
[92m[2025-08-25 10:35:52] [INFO] [0mPing: 236.06 ms
[92m[2025-08-25 10:35:57] [INFO] [0mPing: 236.06 ms
[92m[2025-08-25 10:36:02] [INFO] [0mPing: 236.06 ms
[92m[2025-08-25 10:36:07] [INFO] [0mPing: 232.64 ms
[92m[2025-08-25 10:36:12] [INFO] [0mPing: 232.64 ms
[92m[2025-08-25 10:36:17] [INFO] [0mPing: 232.64 ms
[92m[2025-08-25 10:36:22] [INFO] [0mPing: 232.64 ms
[92m[2025-08-25 10:36:27] [INFO] [0mPing: 232.64 ms
[92m[2025-08-25 10:36:32] [INFO] [0mPing: 232.64 ms
[92m[2025-08-25 10:36:37] [INFO] [0mPing: 232.64 ms
[92m[2025-08-25 10:36:42] [INFO] [0mPing: 232.64 ms
[92m[2025-08-25 10:36:47] [INFO] [0mPing: 235.78 ms
[92m[2025-08-25 10:36:52] [INFO] [0mPing: 235.78 ms
[92m[2025-08-25 10:36:57] [INFO] [0mPing: 235.78 ms
[92m[2025-08-25 10:37:02] [INFO] [0mPing: 235.78 ms
[92m[2025-08-25 10:37:07] [INFO] [0mPing: 235.78 ms
[92m[2025-08-25 10:37:12] [INFO] [0mPing: 235.78 ms
[92m[2025-08-25 10:37:17] [INFO] [0mPing: 235.78 ms
[92m[2025-08-25 10:37:22] [INFO] [0mPing: 235.78 ms
[92m[2025-08-25 10:37:27] [INFO] [0mPing: 235.78 ms
[92m[2025-08-25 10:37:32] [INFO] [0mPing: 232.79 ms
[92m[2025-08-25 10:37:37] [INFO] [0mPing: 232.79 ms
[92m[2025-08-25 10:37:42] [INFO] [0mPing: 232.79 ms
[92m[2025-08-25 10:37:47] [INFO] [0mPing: 232.79 ms
[92m[2025-08-25 10:37:52] [INFO] [0mPing: 232.79 ms
[92m[2025-08-25 10:37:57] [INFO] [0mPing: 232.79 ms
[92m[2025-08-25 10:38:02] [INFO] [0mPing: 232.79 ms
[92m[2025-08-25 10:38:07] [INFO] [0mPing: 232.79 ms
[92m[2025-08-25 10:38:12] [INFO] [0mPing: 234.98 ms
[92m[2025-08-25 10:38:17] [INFO] [0mPing: 234.98 ms
[92m[2025-08-25 10:38:22] [INFO] [0mPing: 234.98 ms
[92m[2025-08-25 10:38:27] [INFO] [0mPing: 234.98 ms
[92m[2025-08-25 10:38:32] [INFO] [0mPing: 234.98 ms
[92m[2025-08-25 10:38:37] [INFO] [0mPing: 234.98 ms
[92m[2025-08-25 10:38:42] [INFO] [0mPing: 234.98 ms
[92m[2025-08-25 10:38:47] [INFO] [0mPing: 234.98 ms
[92m[2025-08-25 10:38:52] [INFO] [0mPing: 234.34 ms
[92m[2025-08-25 10:38:57] [INFO] [0mPing: 234.34 ms
[92m[2025-08-25 10:39:02] [INFO] [0mPing: 234.34 ms
[92m[2025-08-25 10:39:07] [INFO] [0mPing: 234.34 ms
[92m[2025-08-25 10:39:12] [INFO] [0mPing: 234.34 ms
[92m[2025-08-25 10:39:17] [INFO] [0mPing: 234.34 ms
[92m[2025-08-25 10:39:22] [INFO] [0mPing: 234.34 ms
[92m[2025-08-25 10:39:27] [INFO] [0mPing: 234.34 ms
[92m[2025-08-25 10:39:32] [INFO] [0mPing: 232.61 ms
[92m[2025-08-25 10:39:37] [INFO] [0mPing: 232.61 ms
[92m[2025-08-25 10:39:42] [INFO] [0mPing: 232.61 ms
[92m[2025-08-25 10:39:47] [INFO] [0mPing: 232.61 ms
[92m[2025-08-25 10:39:52] [INFO] [0mPing: 232.61 ms
[92m[2025-08-25 10:39:57] [INFO] [0mPing: 232.61 ms
[92m[2025-08-25 10:40:02] [INFO] [0mPing: 232.61 ms
[92m[2025-08-25 10:40:07] [INFO] [0mPing: 232.61 ms
[92m[2025-08-25 10:40:12] [INFO] [0mPing: 232.61 ms
[92m[2025-08-25 10:40:17] [INFO] [0mPing: 235.27 ms
[92m[2025-08-25 10:40:22] [INFO] [0mPing: 235.27 ms
[92m[2025-08-25 10:40:27] [INFO] [0mPing: 235.27 ms
[92m[2025-08-25 10:40:32] [INFO] [0mPing: 235.27 ms
[92m[2025-08-25 10:40:37] [INFO] [0mPing: 235.27 ms
[92m[2025-08-25 10:40:42] [INFO] [0mPing: 235.27 ms
[92m[2025-08-25 10:40:47] [INFO] [0mPing: 235.27 ms
[92m[2025-08-25 10:40:52] [INFO] [0mPing: 235.27 ms
[92m[2025-08-25 10:40:57] [INFO] [0mPing: 253.97 ms
[92m[2025-08-25 10:41:02] [INFO] [0mPing: 253.97 ms
[92m[2025-08-25 10:41:07] [INFO] [0mPing: 253.97 ms
[92m[2025-08-25 10:41:12] [INFO] [0mPing: 253.97 ms
[92m[2025-08-25 10:41:17] [INFO] [0mPing: 253.97 ms
[92m[2025-08-25 10:41:22] [INFO] [0mPing: 253.97 ms
[92m[2025-08-25 10:41:27] [INFO] [0mPing: 253.97 ms
[92m[2025-08-25 10:41:32] [INFO] [0mPing: 253.97 ms
[92m[2025-08-25 10:41:37] [INFO] [0mPing: 240.01 ms
[92m[2025-08-25 10:41:42] [INFO] [0mPing: 240.01 ms
[92m[2025-08-25 10:41:47] [INFO] [0mPing: 240.01 ms
[92m[2025-08-25 10:41:52] [INFO] [0mPing: 240.01 ms
[92m[2025-08-25 10:41:57] [INFO] [0mPing: 240.01 ms
[92m[2025-08-25 10:42:02] [INFO] [0mPing: 240.01 ms
[92m[2025-08-25 10:42:07] [INFO] [0mPing: 240.01 ms
[92m[2025-08-25 10:42:12] [INFO] [0mPing: 240.01 ms
[92m[2025-08-25 10:42:17] [INFO] [0mPing: 241.65 ms
[92m[2025-08-25 10:42:22] [INFO] [0mPing: 241.65 ms
[92m[2025-08-25 10:42:27] [INFO] [0mPing: 241.65 ms
[92m[2025-08-25 10:42:32] [INFO] [0mPing: 241.65 ms
[92m[2025-08-25 10:42:37] [INFO] [0mPing: 241.65 ms
[92m[2025-08-25 10:42:42] [INFO] [0mPing: 241.65 ms
[92m[2025-08-25 10:42:47] [INFO] [0mPing: 241.65 ms
[92m[2025-08-25 10:42:52] [INFO] [0mPing: 241.65 ms
[92m[2025-08-25 10:42:57] [INFO] [0mPing: 241.65 ms
[92m[2025-08-25 10:43:02] [INFO] [0mPing: 241.04 ms
[92m[2025-08-25 10:43:07] [INFO] [0mPing: 241.04 ms
[92m[2025-08-25 10:43:12] [INFO] [0mPing: 241.04 ms
[92m[2025-08-25 10:43:17] [INFO] [0mPing: 241.04 ms
[92m[2025-08-25 10:43:22] [INFO] [0mPing: 241.04 ms
[92m[2025-08-25 10:43:27] [INFO] [0mPing: 241.04 ms
[92m[2025-08-25 10:43:32] [INFO] [0mPing: 241.04 ms
[92m[2025-08-25 10:43:37] [INFO] [0mPing: 241.04 ms
[92m[2025-08-25 10:43:42] [INFO] [0mPing: 234.14 ms
[92m[2025-08-25 10:43:47] [INFO] [0mPing: 234.14 ms
[92m[2025-08-25 10:43:52] [INFO] [0mPing: 234.14 ms
[92m[2025-08-25 10:43:57] [INFO] [0mPing: 234.14 ms
[92m[2025-08-25 10:44:02] [INFO] [0mPing: 234.14 ms
[92m[2025-08-25 10:44:07] [INFO] [0mPing: 234.14 ms
[92m[2025-08-25 10:44:12] [INFO] [0mPing: 234.14 ms
[92m[2025-08-25 10:44:17] [INFO] [0mPing: 234.14 ms
[92m[2025-08-25 10:44:22] [INFO] [0mPing: 232.34 ms
[92m[2025-08-25 10:44:27] [INFO] [0mPing: 232.34 ms
[92m[2025-08-25 10:44:32] [INFO] [0mPing: 232.34 ms
[92m[2025-08-25 10:44:37] [INFO] [0mPing: 232.34 ms
[92m[2025-08-25 10:44:42] [INFO] [0mPing: 232.34 ms
[92m[2025-08-25 10:44:47] [INFO] [0mPing: 232.34 ms
[92m[2025-08-25 10:44:52] [INFO] [0mPing: 232.34 ms
[92m[2025-08-25 10:44:57] [INFO] [0mPing: 232.34 ms
[92m[2025-08-25 10:45:02] [INFO] [0mPing: 232.64 ms
[92m[2025-08-25 10:45:07] [INFO] [0mPing: 232.64 ms
[92m[2025-08-25 10:45:12] [INFO] [0mPing: 232.64 ms
[92m[2025-08-25 10:45:17] [INFO] [0mPing: 232.64 ms
[92m[2025-08-25 10:45:22] [INFO] [0mPing: 232.64 ms
[92m[2025-08-25 10:45:27] [INFO] [0mPing: 232.64 ms
[92m[2025-08-25 10:45:32] [INFO] [0mPing: 232.64 ms
[92m[2025-08-25 10:45:37] [INFO] [0mPing: 232.64 ms
[92m[2025-08-25 10:45:42] [INFO] [0mPing: 232.64 ms
[92m[2025-08-25 10:45:47] [INFO] [0mPing: 238.56 ms
[92m[2025-08-25 10:45:52] [INFO] [0mPing: 238.56 ms
[92m[2025-08-25 10:45:57] [INFO] [0mPing: 238.56 ms
[92m[2025-08-25 10:46:02] [INFO] [0mPing: 238.56 ms
[92m[2025-08-25 10:46:07] [INFO] [0mPing: 238.56 ms
[92m[2025-08-25 10:46:12] [INFO] [0mPing: 238.56 ms
[92m[2025-08-25 10:46:17] [INFO] [0mPing: 238.56 ms
[92m[2025-08-25 10:46:22] [INFO] [0mPing: 238.56 ms
[92m[2025-08-25 10:46:27] [INFO] [0mPing: 232.84 ms
[92m[2025-08-25 10:46:32] [INFO] [0mPing: 232.84 ms
[92m[2025-08-25 10:46:37] [INFO] [0mPing: 232.84 ms
[92m[2025-08-25 10:46:42] [INFO] [0mPing: 232.84 ms
[92m[2025-08-25 10:46:47] [INFO] [0mPing: 232.84 ms
[92m[2025-08-25 10:46:52] [INFO] [0mPing: 232.84 ms
[92m[2025-08-25 10:46:57] [INFO] [0mPing: 232.84 ms
[92m[2025-08-25 10:47:02] [INFO] [0mPing: 232.84 ms
[92m[2025-08-25 10:47:07] [INFO] [0mPing: 231.86 ms
[92m[2025-08-25 10:47:12] [INFO] [0mPing: 231.86 ms
[92m[2025-08-25 10:47:17] [INFO] [0mPing: 231.86 ms
[92m[2025-08-25 10:47:22] [INFO] [0mPing: 231.86 ms
[92m[2025-08-25 10:47:27] [INFO] [0mPing: 231.86 ms
[92m[2025-08-25 10:47:32] [INFO] [0mPing: 231.86 ms
[92m[2025-08-25 10:47:37] [INFO] [0mPing: 231.86 ms
[92m[2025-08-25 10:47:42] [INFO] [0mPing: 231.86 ms
[92m[2025-08-25 10:47:47] [INFO] [0mPing: 237.48 ms
[92m[2025-08-25 10:47:52] [INFO] [0mPing: 237.48 ms
[92m[2025-08-25 10:47:57] [INFO] [0mPing: 237.48 ms
[92m[2025-08-25 10:48:02] [INFO] [0mPing: 237.48 ms
[92m[2025-08-25 10:48:07] [INFO] [0mPing: 237.48 ms
[92m[2025-08-25 10:48:12] [INFO] [0mPing: 237.48 ms
[92m[2025-08-25 10:48:17] [INFO] [0mPing: 237.48 ms
[92m[2025-08-25 10:48:22] [INFO] [0mPing: 237.48 ms
[92m[2025-08-25 10:48:27] [INFO] [0mPing: 237.48 ms
[92m[2025-08-25 10:48:32] [INFO] [0mPing: 241.17 ms
[92m[2025-08-25 10:48:37] [INFO] [0mPing: 241.17 ms
[92m[2025-08-25 10:48:42] [INFO] [0mPing: 241.17 ms
[92m[2025-08-25 10:48:47] [INFO] [0mPing: 241.17 ms
[92m[2025-08-25 10:48:52] [INFO] [0mPing: 241.17 ms
[92m[2025-08-25 10:48:57] [INFO] [0mPing: 241.17 ms
[92m[2025-08-25 10:49:02] [INFO] [0mPing: 241.17 ms
[92m[2025-08-25 10:49:07] [INFO] [0mPing: 241.17 ms
[92m[2025-08-25 10:49:12] [INFO] [0mPing: 235.24 ms
[92m[2025-08-25 10:49:17] [INFO] [0mPing: 235.24 ms
[92m[2025-08-25 10:49:22] [INFO] [0mPing: 235.24 ms
[92m[2025-08-25 10:49:27] [INFO] [0mPing: 235.24 ms
[92m[2025-08-25 10:49:32] [INFO] [0mPing: 235.24 ms
[92m[2025-08-25 10:49:37] [INFO] [0mPing: 235.24 ms
[92m[2025-08-25 10:49:42] [INFO] [0mPing: 235.24 ms
[92m[2025-08-25 10:49:47] [INFO] [0mPing: 235.24 ms
[92m[2025-08-25 10:49:52] [INFO] [0mPing: 239.01 ms
[92m[2025-08-25 10:49:57] [INFO] [0mPing: 239.01 ms
[92m[2025-08-25 10:50:02] [INFO] [0mPing: 239.01 ms
[92m[2025-08-25 10:50:07] [INFO] [0mPing: 239.01 ms
[92m[2025-08-25 10:50:12] [INFO] [0mPing: 239.01 ms
[92m[2025-08-25 10:50:17] [INFO] [0mPing: 239.01 ms
[92m[2025-08-25 10:50:22] [INFO] [0mPing: 239.01 ms
[92m[2025-08-25 10:50:27] [INFO] [0mPing: 239.01 ms
[92m[2025-08-25 10:50:32] [INFO] [0mPing: 232.24 ms
[92m[2025-08-25 10:50:37] [INFO] [0mPing: 232.24 ms
[92m[2025-08-25 10:50:42] [INFO] [0mPing: 232.24 ms
[92m[2025-08-25 10:50:47] [INFO] [0mPing: 232.24 ms
[92m[2025-08-25 10:50:52] [INFO] [0mPing: 232.24 ms
[92m[2025-08-25 10:50:57] [INFO] [0mPing: 232.24 ms
[92m[2025-08-25 10:51:02] [INFO] [0mPing: 232.24 ms
[92m[2025-08-25 10:51:07] [INFO] [0mPing: 232.24 ms
[92m[2025-08-25 10:51:12] [INFO] [0mPing: 232.24 ms
[92m[2025-08-25 10:51:17] [INFO] [0mPing: 237.56 ms
[92m[2025-08-25 10:51:22] [INFO] [0mPing: 237.56 ms
[92m[2025-08-25 10:51:27] [INFO] [0mPing: 237.56 ms
[92m[2025-08-25 10:51:32] [INFO] [0mPing: 237.56 ms
[92m[2025-08-25 10:51:37] [INFO] [0mPing: 237.56 ms
[92m[2025-08-25 10:51:42] [INFO] [0mPing: 237.56 ms
[92m[2025-08-25 10:51:47] [INFO] [0mPing: 237.56 ms
[92m[2025-08-25 10:51:52] [INFO] [0mPing: 237.56 ms
[92m[2025-08-25 10:51:57] [INFO] [0mPing: 232.21 ms
[92m[2025-08-25 10:52:02] [INFO] [0mPing: 232.21 ms
[92m[2025-08-25 10:52:07] [INFO] [0mPing: 232.21 ms
[92m[2025-08-25 10:52:12] [INFO] [0mPing: 232.21 ms
[92m[2025-08-25 10:52:17] [INFO] [0mPing: 232.21 ms
[92m[2025-08-25 10:52:22] [INFO] [0mPing: 232.21 ms
[92m[2025-08-25 10:52:27] [INFO] [0mPing: 232.21 ms
[92m[2025-08-25 10:52:32] [INFO] [0mPing: 232.21 ms
[92m[2025-08-25 10:52:37] [INFO] [0mPing: 288.88 ms
[92m[2025-08-25 10:52:42] [INFO] [0mPing: 288.88 ms
[92m[2025-08-25 10:52:47] [INFO] [0mPing: 288.88 ms
[92m[2025-08-25 10:52:52] [INFO] [0mPing: 288.88 ms
[92m[2025-08-25 10:52:57] [INFO] [0mPing: 288.88 ms
[92m[2025-08-25 10:53:02] [INFO] [0mPing: 288.88 ms
[92m[2025-08-25 10:53:07] [INFO] [0mPing: 288.88 ms
[92m[2025-08-25 10:53:12] [INFO] [0mPing: 288.88 ms
[92m[2025-08-25 10:53:17] [INFO] [0mPing: 240.7 ms
[92m[2025-08-25 10:53:22] [INFO] [0mPing: 240.7 ms
[92m[2025-08-25 10:53:27] [INFO] [0mPing: 240.7 ms
[92m[2025-08-25 10:53:32] [INFO] [0mPing: 240.7 ms
[92m[2025-08-25 10:53:37] [INFO] [0mPing: 240.7 ms
[92m[2025-08-25 10:53:42] [INFO] [0mPing: 240.7 ms
[92m[2025-08-25 10:53:47] [INFO] [0mPing: 240.7 ms
[92m[2025-08-25 10:53:52] [INFO] [0mPing: 240.7 ms
[92m[2025-08-25 10:53:57] [INFO] [0mPing: 240.7 ms
[92m[2025-08-25 10:54:02] [INFO] [0mPing: 237.51 ms
[92m[2025-08-25 10:54:07] [INFO] [0mPing: 237.51 ms
[92m[2025-08-25 10:54:12] [INFO] [0mPing: 237.51 ms
[92m[2025-08-25 10:54:17] [INFO] [0mPing: 237.51 ms
[92m[2025-08-25 10:54:22] [INFO] [0mPing: 237.51 ms
[92m[2025-08-25 10:54:27] [INFO] [0mPing: 237.51 ms
[92m[2025-08-25 10:54:32] [INFO] [0mPing: 237.51 ms
[92m[2025-08-25 10:54:37] [INFO] [0mPing: 237.51 ms
[92m[2025-08-25 10:54:42] [INFO] [0mPing: 237.67 ms
[92m[2025-08-25 10:54:47] [INFO] [0mPing: 237.67 ms
[92m[2025-08-25 10:54:52] [INFO] [0mPing: 237.67 ms
[92m[2025-08-25 10:54:57] [INFO] [0mPing: 237.67 ms
[92m[2025-08-25 10:55:02] [INFO] [0mPing: 237.67 ms
[92m[2025-08-25 10:55:07] [INFO] [0mPing: 237.67 ms
[92m[2025-08-25 10:55:12] [INFO] [0mPing: 237.67 ms
[92m[2025-08-25 10:55:17] [INFO] [0mPing: 237.67 ms
[92m[2025-08-25 10:55:22] [INFO] [0mPing: 243.18 ms
[92m[2025-08-25 10:55:27] [INFO] [0mPing: 243.18 ms
[92m[2025-08-25 10:55:32] [INFO] [0mPing: 243.18 ms
[92m[2025-08-25 10:55:37] [INFO] [0mPing: 243.18 ms
[92m[2025-08-25 10:55:42] [INFO] [0mPing: 243.18 ms
[92m[2025-08-25 10:55:47] [INFO] [0mPing: 243.18 ms
[92m[2025-08-25 10:55:52] [INFO] [0mPing: 243.18 ms
[92m[2025-08-25 10:55:57] [INFO] [0mPing: 243.18 ms
[92m[2025-08-25 10:56:02] [INFO] [0mPing: 244.69 ms
[92m[2025-08-25 10:56:07] [INFO] [0mPing: 244.69 ms
[92m[2025-08-25 10:56:12] [INFO] [0mPing: 244.69 ms
[92m[2025-08-25 10:56:17] [INFO] [0mPing: 244.69 ms
[92m[2025-08-25 10:56:22] [INFO] [0mPing: 244.69 ms
[92m[2025-08-25 10:56:27] [INFO] [0mPing: 244.69 ms
[92m[2025-08-25 10:56:32] [INFO] [0mPing: 244.69 ms
[92m[2025-08-25 10:56:37] [INFO] [0mPing: 244.69 ms
[92m[2025-08-25 10:56:42] [INFO] [0mPing: 244.69 ms
[92m[2025-08-25 10:56:47] [INFO] [0mPing: 372.92 ms
[92m[2025-08-25 10:56:52] [INFO] [0mPing: 372.92 ms
[92m[2025-08-25 10:56:57] [INFO] [0mPing: 372.92 ms
[92m[2025-08-25 10:57:02] [INFO] [0mPing: 372.92 ms
[92m[2025-08-25 10:57:07] [INFO] [0mPing: 372.92 ms
[92m[2025-08-25 10:57:12] [INFO] [0mPing: 372.92 ms
[92m[2025-08-25 10:57:17] [INFO] [0mPing: 372.92 ms
[92m[2025-08-25 10:57:22] [INFO] [0mPing: 372.92 ms
[92m[2025-08-25 10:57:27] [INFO] [0mPing: 239.1 ms
[92m[2025-08-25 10:57:32] [INFO] [0mPing: 239.1 ms
[92m[2025-08-25 10:57:37] [INFO] [0mPing: 239.1 ms
[92m[2025-08-25 10:57:42] [INFO] [0mPing: 239.1 ms
[92m[2025-08-25 10:57:47] [INFO] [0mPing: 239.1 ms
[92m[2025-08-25 10:57:52] [INFO] [0mPing: 239.1 ms
[92m[2025-08-25 10:57:57] [INFO] [0mPing: 239.1 ms
[92m[2025-08-25 10:58:02] [INFO] [0mPing: 239.1 ms
[92m[2025-08-25 10:58:07] [INFO] [0mPing: 244.37 ms
[92m[2025-08-25 10:58:12] [INFO] [0mPing: 244.37 ms
[92m[2025-08-25 10:58:17] [INFO] [0mPing: 244.37 ms
[92m[2025-08-25 10:58:22] [INFO] [0mPing: 244.37 ms
[92m[2025-08-25 10:58:27] [INFO] [0mPing: 244.37 ms
[92m[2025-08-25 10:58:32] [INFO] [0mPing: 244.37 ms
[92m[2025-08-25 10:58:37] [INFO] [0mPing: 244.37 ms
[92m[2025-08-25 10:58:42] [INFO] [0mPing: 244.37 ms
[92m[2025-08-25 10:58:47] [INFO] [0mPing: 237.46 ms
[92m[2025-08-25 10:58:52] [INFO] [0mPing: 237.46 ms
[92m[2025-08-25 10:58:57] [INFO] [0mPing: 237.46 ms
[92m[2025-08-25 10:59:02] [INFO] [0mPing: 237.46 ms
[92m[2025-08-25 10:59:07] [INFO] [0mPing: 237.46 ms
[92m[2025-08-25 10:59:12] [INFO] [0mPing: 237.46 ms
[92m[2025-08-25 10:59:17] [INFO] [0mPing: 237.46 ms
[92m[2025-08-25 10:59:22] [INFO] [0mPing: 237.46 ms
[92m[2025-08-25 10:59:27] [INFO] [0mPing: 237.46 ms
[92m[2025-08-25 10:59:32] [INFO] [0mPing: 261.96 ms
[92m[2025-08-25 10:59:37] [INFO] [0mPing: 261.96 ms
[92m[2025-08-25 10:59:42] [INFO] [0mPing: 261.96 ms
[92m[2025-08-25 10:59:47] [INFO] [0mPing: 261.96 ms
[92m[2025-08-25 10:59:52] [INFO] [0mPing: 261.96 ms
[92m[2025-08-25 10:59:57] [INFO] [0mPing: 261.96 ms
[92m[2025-08-25 11:00:02] [INFO] [0mPing: 261.96 ms
[92m[2025-08-25 11:00:07] [INFO] [0mPing: 261.96 ms
[92m[2025-08-25 11:00:12] [INFO] [0mPing: 232.71 ms
[92m[2025-08-25 11:00:17] [INFO] [0mPing: 232.71 ms
[92m[2025-08-25 11:00:22] [INFO] [0mPing: 232.71 ms
[92m[2025-08-25 11:00:27] [INFO] [0mPing: 232.71 ms
[92m[2025-08-25 11:00:32] [INFO] [0mPing: 232.71 ms
[92m[2025-08-25 11:00:37] [INFO] [0mPing: 232.71 ms
[92m[2025-08-25 11:00:42] [INFO] [0mPing: 232.71 ms
[92m[2025-08-25 11:00:47] [INFO] [0mPing: 232.71 ms
[92m[2025-08-25 11:00:52] [INFO] [0mPing: 236.42 ms
[92m[2025-08-25 11:00:57] [INFO] [0mPing: 236.42 ms
[92m[2025-08-25 11:01:02] [INFO] [0mPing: 236.42 ms
[92m[2025-08-25 11:01:07] [INFO] [0mPing: 236.42 ms
[92m[2025-08-25 11:01:12] [INFO] [0mPing: 236.42 ms
[92m[2025-08-25 11:01:17] [INFO] [0mPing: 236.42 ms
[92m[2025-08-25 11:01:22] [INFO] [0mPing: 236.42 ms
[92m[2025-08-25 11:01:27] [INFO] [0mPing: 236.42 ms
[92m[2025-08-25 11:01:32] [INFO] [0mPing: 235.38 ms
[92m[2025-08-25 11:01:37] [INFO] [0mPing: 235.38 ms
[92m[2025-08-25 11:01:42] [INFO] [0mPing: 235.38 ms
[92m[2025-08-25 11:01:47] [INFO] [0mPing: 235.38 ms
[92m[2025-08-25 11:01:52] [INFO] [0mPing: 235.38 ms
[92m[2025-08-25 11:01:57] [INFO] [0mPing: 235.38 ms
[92m[2025-08-25 11:02:02] [INFO] [0mPing: 235.38 ms
[92m[2025-08-25 11:02:07] [INFO] [0mPing: 235.38 ms
[92m[2025-08-25 11:02:12] [INFO] [0mPing: 235.38 ms
[92m[2025-08-25 11:02:17] [INFO] [0mPing: 236.33 ms
[92m[2025-08-25 11:02:22] [INFO] [0mPing: 236.33 ms
[92m[2025-08-25 11:02:27] [INFO] [0mPing: 236.33 ms
[92m[2025-08-25 11:02:32] [INFO] [0mPing: 236.33 ms
[92m[2025-08-25 11:02:37] [INFO] [0mPing: 236.33 ms
[92m[2025-08-25 11:02:42] [INFO] [0mPing: 236.33 ms
[92m[2025-08-25 11:02:47] [INFO] [0mPing: 236.33 ms
[92m[2025-08-25 11:02:52] [INFO] [0mPing: 236.33 ms
[92m[2025-08-25 11:02:57] [INFO] [0mPing: 233.73 ms
[92m[2025-08-25 11:03:02] [INFO] [0mPing: 233.73 ms
[92m[2025-08-25 11:03:07] [INFO] [0mPing: 233.73 ms
[92m[2025-08-25 11:03:12] [INFO] [0mPing: 233.73 ms
[92m[2025-08-25 11:03:17] [INFO] [0mPing: 233.73 ms
[92m[2025-08-25 11:03:22] [INFO] [0mPing: 233.73 ms
[92m[2025-08-25 11:03:27] [INFO] [0mPing: 233.73 ms
[92m[2025-08-25 11:03:32] [INFO] [0mPing: 233.73 ms
[92m[2025-08-25 11:03:37] [INFO] [0mPing: 230.74 ms
[92m[2025-08-25 11:03:42] [INFO] [0mPing: 230.74 ms
[92m[2025-08-25 11:03:47] [INFO] [0mPing: 230.74 ms
[92m[2025-08-25 11:03:52] [INFO] [0mPing: 230.74 ms
[92m[2025-08-25 11:03:57] [INFO] [0mPing: 230.74 ms
[92m[2025-08-25 11:04:02] [INFO] [0mPing: 230.74 ms
[92m[2025-08-25 11:04:07] [INFO] [0mPing: 230.74 ms
[92m[2025-08-25 11:04:12] [INFO] [0mPing: 230.74 ms
[92m[2025-08-25 11:04:17] [INFO] [0mPing: 230.74 ms
[92m[2025-08-25 11:04:22] [INFO] [0mPing: 231.61 ms
[92m[2025-08-25 11:04:27] [INFO] [0mPing: 231.61 ms
[92m[2025-08-25 11:04:32] [INFO] [0mPing: 231.61 ms
[92m[2025-08-25 11:04:37] [INFO] [0mPing: 231.61 ms
[92m[2025-08-25 11:04:42] [INFO] [0mPing: 231.61 ms
[92m[2025-08-25 11:04:47] [INFO] [0mPing: 231.61 ms
[92m[2025-08-25 11:04:52] [INFO] [0mPing: 231.61 ms
[92m[2025-08-25 11:04:57] [INFO] [0mPing: 231.61 ms
[92m[2025-08-25 11:05:02] [INFO] [0mPing: 241.75 ms
[92m[2025-08-25 11:05:07] [INFO] [0mPing: 241.75 ms
[92m[2025-08-25 11:05:12] [INFO] [0mPing: 241.75 ms
[92m[2025-08-25 11:05:17] [INFO] [0mPing: 241.75 ms
[92m[2025-08-25 11:05:22] [INFO] [0mPing: 241.75 ms
[92m[2025-08-25 11:05:27] [INFO] [0mPing: 241.75 ms
[92m[2025-08-25 11:05:32] [INFO] [0mPing: 241.75 ms
[92m[2025-08-25 11:05:37] [INFO] [0mPing: 241.75 ms
[92m[2025-08-25 11:05:42] [INFO] [0mPing: 239.5 ms
[92m[2025-08-25 11:05:47] [INFO] [0mPing: 239.5 ms
[92m[2025-08-25 11:05:52] [INFO] [0mPing: 239.5 ms
[92m[2025-08-25 11:05:57] [INFO] [0mPing: 239.5 ms
[92m[2025-08-25 11:06:02] [INFO] [0mPing: 239.5 ms
[92m[2025-08-25 11:06:07] [INFO] [0mPing: 239.5 ms
[92m[2025-08-25 11:06:12] [INFO] [0mPing: 239.5 ms
[92m[2025-08-25 11:06:17] [INFO] [0mPing: 239.5 ms
[92m[2025-08-25 11:06:22] [INFO] [0mPing: 231.3 ms
[92m[2025-08-25 11:06:27] [INFO] [0mPing: 231.3 ms
[92m[2025-08-25 11:06:32] [INFO] [0mPing: 231.3 ms
[92m[2025-08-25 11:06:37] [INFO] [0mPing: 231.3 ms
[92m[2025-08-25 11:06:42] [INFO] [0mPing: 231.3 ms
[92m[2025-08-25 11:06:47] [INFO] [0mPing: 231.3 ms
[92m[2025-08-25 11:06:52] [INFO] [0mPing: 231.3 ms
[92m[2025-08-25 11:06:57] [INFO] [0mPing: 231.3 ms
[92m[2025-08-25 11:07:02] [INFO] [0mPing: 231.3 ms
[92m[2025-08-25 11:07:07] [INFO] [0mPing: 245.24 ms
[92m[2025-08-25 11:07:12] [INFO] [0mPing: 245.24 ms
[92m[2025-08-25 11:07:17] [INFO] [0mPing: 245.24 ms
[92m[2025-08-25 11:07:22] [INFO] [0mPing: 245.24 ms
[92m[2025-08-25 11:07:27] [INFO] [0mPing: 245.24 ms
[92m[2025-08-25 11:07:32] [INFO] [0mPing: 245.24 ms
[92m[2025-08-25 11:07:37] [INFO] [0mPing: 245.24 ms
[92m[2025-08-25 11:07:42] [INFO] [0mPing: 245.24 ms
[92m[2025-08-25 11:07:47] [INFO] [0mPing: 231.77 ms
[92m[2025-08-25 11:07:52] [INFO] [0mPing: 231.77 ms
[92m[2025-08-25 11:07:57] [INFO] [0mPing: 231.77 ms
[92m[2025-08-25 11:08:02] [INFO] [0mPing: 231.77 ms
[92m[2025-08-25 11:08:07] [INFO] [0mPing: 231.77 ms
[92m[2025-08-25 11:08:12] [INFO] [0mPing: 231.77 ms
[92m[2025-08-25 11:08:17] [INFO] [0mPing: 231.77 ms
[92m[2025-08-25 11:08:22] [INFO] [0mPing: 231.77 ms
[92m[2025-08-25 11:08:27] [INFO] [0mPing: 231.22 ms
[92m[2025-08-25 11:08:32] [INFO] [0mPing: 231.22 ms
[92m[2025-08-25 11:08:37] [INFO] [0mPing: 231.22 ms
[92m[2025-08-25 11:08:42] [INFO] [0mPing: 231.22 ms
[92m[2025-08-25 11:08:47] [INFO] [0mPing: 231.22 ms
[92m[2025-08-25 11:08:52] [INFO] [0mPing: 231.22 ms
[92m[2025-08-25 11:08:57] [INFO] [0mPing: 231.22 ms
[92m[2025-08-25 11:09:02] [INFO] [0mPing: 231.22 ms
[92m[2025-08-25 11:09:07] [INFO] [0mPing: 337.13 ms
[92m[2025-08-25 11:09:12] [INFO] [0mPing: 337.13 ms
[92m[2025-08-25 11:09:17] [INFO] [0mPing: 337.13 ms
[92m[2025-08-25 11:09:22] [INFO] [0mPing: 337.13 ms
[92m[2025-08-25 11:09:27] [INFO] [0mPing: 337.13 ms
[92m[2025-08-25 11:09:32] [INFO] [0mPing: 337.13 ms
[92m[2025-08-25 11:09:37] [INFO] [0mPing: 337.13 ms
[92m[2025-08-25 11:09:42] [INFO] [0mPing: 337.13 ms
[92m[2025-08-25 11:09:47] [INFO] [0mPing: 337.13 ms
[92m[2025-08-25 11:09:52] [INFO] [0mPing: 242.6 ms
[92m[2025-08-25 11:09:57] [INFO] [0mPing: 242.6 ms
[92m[2025-08-25 11:10:02] [INFO] [0mPing: 242.6 ms
[92m[2025-08-25 11:10:07] [INFO] [0mPing: 242.6 ms
[92m[2025-08-25 11:10:12] [INFO] [0mPing: 242.6 ms
[92m[2025-08-25 11:10:17] [INFO] [0mPing: 242.6 ms
[92m[2025-08-25 11:10:22] [INFO] [0mPing: 242.6 ms
[92m[2025-08-25 11:10:27] [INFO] [0mPing: 242.6 ms
[92m[2025-08-25 11:10:32] [INFO] [0mPing: 237.44 ms
[92m[2025-08-25 11:10:37] [INFO] [0mPing: 237.44 ms
[92m[2025-08-25 11:10:42] [INFO] [0mPing: 237.44 ms
[92m[2025-08-25 11:10:47] [INFO] [0mPing: 237.44 ms
[92m[2025-08-25 11:10:52] [INFO] [0mPing: 237.44 ms
[92m[2025-08-25 11:10:57] [INFO] [0mPing: 237.44 ms
[92m[2025-08-25 11:11:02] [INFO] [0mPing: 237.44 ms
[92m[2025-08-25 11:11:07] [INFO] [0mPing: 237.44 ms
[92m[2025-08-25 11:11:12] [INFO] [0mPing: 234.5 ms
[92m[2025-08-25 11:11:17] [INFO] [0mPing: 234.5 ms
[92m[2025-08-25 11:11:22] [INFO] [0mPing: 234.5 ms
[92m[2025-08-25 11:11:27] [INFO] [0mPing: 234.5 ms
[92m[2025-08-25 11:11:32] [INFO] [0mPing: 234.5 ms
[92m[2025-08-25 11:11:37] [INFO] [0mPing: 234.5 ms
[92m[2025-08-25 11:11:42] [INFO] [0mPing: 234.5 ms
[92m[2025-08-25 11:11:47] [INFO] [0mPing: 234.5 ms
[92m[2025-08-25 11:11:52] [INFO] [0mPing: 236.68 ms
[92m[2025-08-25 11:11:57] [INFO] [0mPing: 236.68 ms
[92m[2025-08-25 11:12:02] [INFO] [0mPing: 236.68 ms
[92m[2025-08-25 11:12:07] [INFO] [0mPing: 236.68 ms
[92m[2025-08-25 11:12:12] [INFO] [0mPing: 236.68 ms
[92m[2025-08-25 11:12:17] [INFO] [0mPing: 236.68 ms
[92m[2025-08-25 11:12:22] [INFO] [0mPing: 236.68 ms
[92m[2025-08-25 11:12:27] [INFO] [0mPing: 236.68 ms
[92m[2025-08-25 11:12:32] [INFO] [0mPing: 236.68 ms
[92m[2025-08-25 11:12:37] [INFO] [0mPing: 236.34 ms
[92m[2025-08-25 11:12:42] [INFO] [0mPing: 236.34 ms
[92m[2025-08-25 11:12:47] [INFO] [0mPing: 236.34 ms
[92m[2025-08-25 11:12:52] [INFO] [0mPing: 236.34 ms
[92m[2025-08-25 11:12:57] [INFO] [0mPing: 236.34 ms
[92m[2025-08-25 11:13:02] [INFO] [0mPing: 236.34 ms
[92m[2025-08-25 11:13:07] [INFO] [0mPing: 236.34 ms
[92m[2025-08-25 11:13:12] [INFO] [0mPing: 236.34 ms
[92m[2025-08-25 11:13:17] [INFO] [0mPing: 237.85 ms
[92m[2025-08-25 11:13:22] [INFO] [0mPing: 237.85 ms
[92m[2025-08-25 11:13:27] [INFO] [0mPing: 237.85 ms
[92m[2025-08-25 11:13:32] [INFO] [0mPing: 237.85 ms
[92m[2025-08-25 11:13:37] [INFO] [0mPing: 237.85 ms
[92m[2025-08-25 11:13:42] [INFO] [0mPing: 237.85 ms
[92m[2025-08-25 11:13:47] [INFO] [0mPing: 237.85 ms
[92m[2025-08-25 11:13:52] [INFO] [0mPing: 237.85 ms
[92m[2025-08-25 11:13:57] [INFO] [0mPing: 235.33 ms
[92m[2025-08-25 11:14:02] [INFO] [0mPing: 235.33 ms
[92m[2025-08-25 11:14:07] [INFO] [0mPing: 235.33 ms
[92m[2025-08-25 11:14:12] [INFO] [0mPing: 235.33 ms
[92m[2025-08-25 11:14:17] [INFO] [0mPing: 235.33 ms
[92m[2025-08-25 11:14:22] [INFO] [0mPing: 235.33 ms
[92m[2025-08-25 11:14:27] [INFO] [0mPing: 235.33 ms
[92m[2025-08-25 11:14:32] [INFO] [0mPing: 235.33 ms
[92m[2025-08-25 11:14:37] [INFO] [0mPing: 235.23 ms
[92m[2025-08-25 11:14:42] [INFO] [0mPing: 235.23 ms
[92m[2025-08-25 11:14:47] [INFO] [0mPing: 235.23 ms
[92m[2025-08-25 11:14:52] [INFO] [0mPing: 235.23 ms
[92m[2025-08-25 11:14:57] [INFO] [0mPing: 235.23 ms
[92m[2025-08-25 11:15:02] [INFO] [0mPing: 235.23 ms
[92m[2025-08-25 11:15:07] [INFO] [0mPing: 235.23 ms
[92m[2025-08-25 11:15:12] [INFO] [0mPing: 235.23 ms
[92m[2025-08-25 11:15:17] [INFO] [0mPing: 235.23 ms
[92m[2025-08-25 11:15:22] [INFO] [0mPing: 240.72 ms
[92m[2025-08-25 11:15:27] [INFO] [0mPing: 240.72 ms
[92m[2025-08-25 11:15:32] [INFO] [0mPing: 240.72 ms
[92m[2025-08-25 11:15:37] [INFO] [0mPing: 240.72 ms
[92m[2025-08-25 11:15:42] [INFO] [0mPing: 240.72 ms
[92m[2025-08-25 11:15:47] [INFO] [0mPing: 240.72 ms
[92m[2025-08-25 11:15:52] [INFO] [0mPing: 240.72 ms
[92m[2025-08-25 11:15:57] [INFO] [0mPing: 240.72 ms
[92m[2025-08-25 11:16:02] [INFO] [0mPing: 231.82 ms
[92m[2025-08-25 11:16:07] [INFO] [0mPing: 231.82 ms
[92m[2025-08-25 11:16:12] [INFO] [0mPing: 231.82 ms
[92m[2025-08-25 11:16:17] [INFO] [0mPing: 231.82 ms
[92m[2025-08-25 11:16:22] [INFO] [0mPing: 231.82 ms
[92m[2025-08-25 11:16:27] [INFO] [0mPing: 231.82 ms
[92m[2025-08-25 11:16:32] [INFO] [0mPing: 231.82 ms
[92m[2025-08-25 11:16:37] [INFO] [0mPing: 231.82 ms
[92m[2025-08-25 11:16:42] [INFO] [0mPing: 242.24 ms
[92m[2025-08-25 11:16:47] [INFO] [0mPing: 242.24 ms
[92m[2025-08-25 11:16:52] [INFO] [0mPing: 242.24 ms
[92m[2025-08-25 11:16:57] [INFO] [0mPing: 242.24 ms
[92m[2025-08-25 11:17:02] [INFO] [0mPing: 242.24 ms
[92m[2025-08-25 11:17:07] [INFO] [0mPing: 242.24 ms
[92m[2025-08-25 11:17:12] [INFO] [0mPing: 242.24 ms
[92m[2025-08-25 11:17:17] [INFO] [0mPing: 242.24 ms
[92m[2025-08-25 11:17:22] [INFO] [0mPing: 244.66 ms
[92m[2025-08-25 11:17:27] [INFO] [0mPing: 244.66 ms
[92m[2025-08-25 11:17:32] [INFO] [0mPing: 244.66 ms
[92m[2025-08-25 11:17:37] [INFO] [0mPing: 244.66 ms
[92m[2025-08-25 11:17:42] [INFO] [0mPing: 244.66 ms
[92m[2025-08-25 11:17:47] [INFO] [0mPing: 244.66 ms
[92m[2025-08-25 11:17:52] [INFO] [0mPing: 244.66 ms
[92m[2025-08-25 11:17:57] [INFO] [0mPing: 244.66 ms
[92m[2025-08-25 11:18:02] [INFO] [0mPing: 244.66 ms
[92m[2025-08-25 11:18:07] [INFO] [0mPing: 241.5 ms
[92m[2025-08-25 11:18:12] [INFO] [0mPing: 241.5 ms
[92m[2025-08-25 11:18:17] [INFO] [0mPing: 241.5 ms
[92m[2025-08-25 11:18:22] [INFO] [0mPing: 241.5 ms
[92m[2025-08-25 11:18:27] [INFO] [0mPing: 241.5 ms
[92m[2025-08-25 11:18:32] [INFO] [0mPing: 241.5 ms
[92m[2025-08-25 11:18:37] [INFO] [0mPing: 241.5 ms
[92m[2025-08-25 11:18:42] [INFO] [0mPing: 241.5 ms
[92m[2025-08-25 11:18:47] [INFO] [0mPing: 244.88 ms
[92m[2025-08-25 11:18:52] [INFO] [0mPing: 244.88 ms
[92m[2025-08-25 11:18:57] [INFO] [0mPing: 244.88 ms
[92m[2025-08-25 11:19:02] [INFO] [0mPing: 244.88 ms
[92m[2025-08-25 11:19:07] [INFO] [0mPing: 244.88 ms
[92m[2025-08-25 11:19:12] [INFO] [0mPing: 244.88 ms
[92m[2025-08-25 11:19:17] [INFO] [0mPing: 244.88 ms
[92m[2025-08-25 11:19:22] [INFO] [0mPing: 244.88 ms
[92m[2025-08-25 11:19:27] [INFO] [0mPing: 254.14 ms
[92m[2025-08-25 11:19:32] [INFO] [0mPing: 254.14 ms
[92m[2025-08-25 11:19:37] [INFO] [0mPing: 254.14 ms
[92m[2025-08-25 11:19:42] [INFO] [0mPing: 254.14 ms
[92m[2025-08-25 11:19:47] [INFO] [0mPing: 254.14 ms
[92m[2025-08-25 11:19:52] [INFO] [0mPing: 254.14 ms
[92m[2025-08-25 11:19:57] [INFO] [0mPing: 254.14 ms
[92m[2025-08-25 11:20:02] [INFO] [0mPing: 254.14 ms
[92m[2025-08-25 11:20:07] [INFO] [0mPing: 234.43 ms
[92m[2025-08-25 11:20:12] [INFO] [0mPing: 234.43 ms
[92m[2025-08-25 11:20:17] [INFO] [0mPing: 234.43 ms
[92m[2025-08-25 11:20:22] [INFO] [0mPing: 234.43 ms
[92m[2025-08-25 11:20:27] [INFO] [0mPing: 234.43 ms
[92m[2025-08-25 11:20:32] [INFO] [0mPing: 234.43 ms
[92m[2025-08-25 11:20:37] [INFO] [0mPing: 234.43 ms
[92m[2025-08-25 11:20:42] [INFO] [0mPing: 234.43 ms
[92m[2025-08-25 11:20:47] [INFO] [0mPing: 234.43 ms
[92m[2025-08-25 11:20:52] [INFO] [0mPing: 238.89 ms
[92m[2025-08-25 11:20:57] [INFO] [0mPing: 238.89 ms
[92m[2025-08-25 11:21:02] [INFO] [0mPing: 238.89 ms
[92m[2025-08-25 11:21:07] [INFO] [0mPing: 238.89 ms
[92m[2025-08-25 11:21:12] [INFO] [0mPing: 238.89 ms
[92m[2025-08-25 11:21:17] [INFO] [0mPing: 238.89 ms
[92m[2025-08-25 11:21:22] [INFO] [0mPing: 238.89 ms
[92m[2025-08-25 11:21:27] [INFO] [0mPing: 238.89 ms
[92m[2025-08-25 11:21:32] [INFO] [0mPing: 235.32 ms
[92m[2025-08-25 11:21:37] [INFO] [0mPing: 235.32 ms
[92m[2025-08-25 11:21:42] [INFO] [0mPing: 235.32 ms
[92m[2025-08-25 11:21:47] [INFO] [0mPing: 235.32 ms
[92m[2025-08-25 11:21:52] [INFO] [0mPing: 235.32 ms
[92m[2025-08-25 11:21:57] [INFO] [0mPing: 235.32 ms
[92m[2025-08-25 11:22:02] [INFO] [0mPing: 235.32 ms
[92m[2025-08-25 11:22:07] [INFO] [0mPing: 235.32 ms
[92m[2025-08-25 11:22:12] [INFO] [0mPing: 240.26 ms
[92m[2025-08-25 11:22:17] [INFO] [0mPing: 240.26 ms
[92m[2025-08-25 11:22:22] [INFO] [0mPing: 240.26 ms
[92m[2025-08-25 11:22:27] [INFO] [0mPing: 240.26 ms
[92m[2025-08-25 11:22:32] [INFO] [0mPing: 240.26 ms
[92m[2025-08-25 11:22:37] [INFO] [0mPing: 240.26 ms
[92m[2025-08-25 11:22:42] [INFO] [0mPing: 240.26 ms
[92m[2025-08-25 11:22:47] [INFO] [0mPing: 240.26 ms
[92m[2025-08-25 11:22:52] [INFO] [0mPing: 233.79 ms
[92m[2025-08-25 11:22:57] [INFO] [0mPing: 233.79 ms
[92m[2025-08-25 11:23:02] [INFO] [0mPing: 233.79 ms
[92m[2025-08-25 11:23:07] [INFO] [0mPing: 233.79 ms
[92m[2025-08-25 11:23:12] [INFO] [0mPing: 233.79 ms
[92m[2025-08-25 11:23:17] [INFO] [0mPing: 233.79 ms
[92m[2025-08-25 11:23:22] [INFO] [0mPing: 233.79 ms
[92m[2025-08-25 11:23:27] [INFO] [0mPing: 233.79 ms
[92m[2025-08-25 11:23:32] [INFO] [0mPing: 233.79 ms
[92m[2025-08-25 11:23:37] [INFO] [0mPing: 247.19 ms
[92m[2025-08-25 11:23:42] [INFO] [0mPing: 247.19 ms
[92m[2025-08-25 11:23:47] [INFO] [0mPing: 247.19 ms
[92m[2025-08-25 11:23:52] [INFO] [0mPing: 247.19 ms
[92m[2025-08-25 11:23:57] [INFO] [0mPing: 247.19 ms
[92m[2025-08-25 11:24:02] [INFO] [0mPing: 247.19 ms
[92m[2025-08-25 11:24:07] [INFO] [0mPing: 247.19 ms
[92m[2025-08-25 11:24:12] [INFO] [0mPing: 247.19 ms
[92m[2025-08-25 11:24:17] [INFO] [0mPing: 241.78 ms
[92m[2025-08-25 11:24:22] [INFO] [0mPing: 241.78 ms
[92m[2025-08-25 11:24:27] [INFO] [0mPing: 241.78 ms
[92m[2025-08-25 11:24:32] [INFO] [0mPing: 241.78 ms
[92m[2025-08-25 11:24:37] [INFO] [0mPing: 241.78 ms
[92m[2025-08-25 11:24:42] [INFO] [0mPing: 241.78 ms
[92m[2025-08-25 11:24:47] [INFO] [0mPing: 241.78 ms
[92m[2025-08-25 11:24:52] [INFO] [0mPing: 241.78 ms
[92m[2025-08-25 11:24:57] [INFO] [0mPing: 249.67 ms
[92m[2025-08-25 11:25:02] [INFO] [0mPing: 249.67 ms
[92m[2025-08-25 11:25:07] [INFO] [0mPing: 249.67 ms
[92m[2025-08-25 11:25:12] [INFO] [0mPing: 249.67 ms
[92m[2025-08-25 11:25:17] [INFO] [0mPing: 249.67 ms
[92m[2025-08-25 11:25:22] [INFO] [0mPing: 249.67 ms
[92m[2025-08-25 11:25:27] [INFO] [0mPing: 249.67 ms
[92m[2025-08-25 11:25:32] [INFO] [0mPing: 249.67 ms
[92m[2025-08-25 11:25:37] [INFO] [0mPing: 250.92 ms
[92m[2025-08-25 11:25:42] [INFO] [0mPing: 250.92 ms
[92m[2025-08-25 11:25:47] [INFO] [0mPing: 250.92 ms
[92m[2025-08-25 11:25:52] [INFO] [0mPing: 250.92 ms
[92m[2025-08-25 11:25:57] [INFO] [0mPing: 250.92 ms
[92m[2025-08-25 11:26:02] [INFO] [0mPing: 250.92 ms
[92m[2025-08-25 11:26:07] [INFO] [0mPing: 250.92 ms
[92m[2025-08-25 11:26:12] [INFO] [0mPing: 250.92 ms
[92m[2025-08-25 11:26:17] [INFO] [0mPing: 250.92 ms
[92m[2025-08-25 11:26:22] [INFO] [0mPing: 257.28 ms
[92m[2025-08-25 11:26:27] [INFO] [0mPing: 257.28 ms
[92m[2025-08-25 11:26:32] [INFO] [0mPing: 257.28 ms
[92m[2025-08-25 11:26:37] [INFO] [0mPing: 257.28 ms
[92m[2025-08-25 11:26:42] [INFO] [0mPing: 257.28 ms
[92m[2025-08-25 11:26:47] [INFO] [0mPing: 257.28 ms
[92m[2025-08-25 11:26:52] [INFO] [0mPing: 257.28 ms
[92m[2025-08-25 11:26:57] [INFO] [0mPing: 257.28 ms
[92m[2025-08-25 11:27:02] [INFO] [0mPing: 235.78 ms
[92m[2025-08-25 11:27:07] [INFO] [0mPing: 235.78 ms
[92m[2025-08-25 11:27:12] [INFO] [0mPing: 235.78 ms
[92m[2025-08-25 11:27:17] [INFO] [0mPing: 235.78 ms
[92m[2025-08-25 11:27:22] [INFO] [0mPing: 235.78 ms
[92m[2025-08-25 11:27:27] [INFO] [0mPing: 235.78 ms
[92m[2025-08-25 11:27:32] [INFO] [0mPing: 235.78 ms
[92m[2025-08-25 11:27:37] [INFO] [0mPing: 235.78 ms
[92m[2025-08-25 11:27:42] [INFO] [0mPing: 292.74 ms
[92m[2025-08-25 11:27:47] [INFO] [0mPing: 292.74 ms
[92m[2025-08-25 11:27:52] [INFO] [0mPing: 292.74 ms
[92m[2025-08-25 11:27:57] [INFO] [0mPing: 292.74 ms
[92m[2025-08-25 11:28:02] [INFO] [0mPing: 292.74 ms
[92m[2025-08-25 11:28:07] [INFO] [0mPing: 292.74 ms
[92m[2025-08-25 11:28:12] [INFO] [0mPing: 292.74 ms
[92m[2025-08-25 11:28:17] [INFO] [0mPing: 292.74 ms
[92m[2025-08-25 11:28:22] [INFO] [0mPing: 346.3 ms
[92m[2025-08-25 11:28:27] [INFO] [0mPing: 346.3 ms
[92m[2025-08-25 11:28:32] [INFO] [0mPing: 346.3 ms
[92m[2025-08-25 11:28:37] [INFO] [0mPing: 346.3 ms
[92m[2025-08-25 11:28:42] [INFO] [0mPing: 346.3 ms
[92m[2025-08-25 11:28:47] [INFO] [0mPing: 346.3 ms
[92m[2025-08-25 11:28:52] [INFO] [0mPing: 346.3 ms
[92m[2025-08-25 11:28:57] [INFO] [0mPing: 346.3 ms
[92m[2025-08-25 11:29:02] [INFO] [0mPing: 346.3 ms
[92m[2025-08-25 11:29:07] [INFO] [0mPing: 316.64 ms
[92m[2025-08-25 11:29:12] [INFO] [0mPing: 316.64 ms
[92m[2025-08-25 11:29:17] [INFO] [0mPing: 316.64 ms
[92m[2025-08-25 11:29:22] [INFO] [0mPing: 316.64 ms
[92m[2025-08-25 11:29:27] [INFO] [0mPing: 316.64 ms
[92m[2025-08-25 11:29:32] [INFO] [0mPing: 316.64 ms
[92m[2025-08-25 11:29:37] [INFO] [0mPing: 316.64 ms
[92m[2025-08-25 11:29:42] [INFO] [0mPing: 316.64 ms
[92m[2025-08-25 11:29:47] [INFO] [0mPing: 238.67 ms
[92m[2025-08-25 11:29:52] [INFO] [0mPing: 238.67 ms
[92m[2025-08-25 11:29:57] [INFO] [0mPing: 238.67 ms
[92m[2025-08-25 11:30:02] [INFO] [0mPing: 238.67 ms
[92m[2025-08-25 11:30:07] [INFO] [0mPing: 238.67 ms
[92m[2025-08-25 11:30:12] [INFO] [0mPing: 238.67 ms
[92m[2025-08-25 11:30:17] [INFO] [0mPing: 238.67 ms
[92m[2025-08-25 11:30:22] [INFO] [0mPing: 238.67 ms
[92m[2025-08-25 11:30:27] [INFO] [0mPing: 266.77 ms
[92m[2025-08-25 11:30:32] [INFO] [0mPing: 266.77 ms
[92m[2025-08-25 11:30:37] [INFO] [0mPing: 266.77 ms
[92m[2025-08-25 11:30:42] [INFO] [0mPing: 266.77 ms
[92m[2025-08-25 11:30:47] [INFO] [0mPing: 266.77 ms
[92m[2025-08-25 11:30:52] [INFO] [0mPing: 266.77 ms
[92m[2025-08-25 11:30:57] [INFO] [0mPing: 266.77 ms
[92m[2025-08-25 11:31:02] [INFO] [0mPing: 266.77 ms
[92m[2025-08-25 11:31:07] [INFO] [0mPing: 283.93 ms
[92m[2025-08-25 11:31:12] [INFO] [0mPing: 283.93 ms
[92m[2025-08-25 11:31:17] [INFO] [0mPing: 283.93 ms
[92m[2025-08-25 11:31:22] [INFO] [0mPing: 283.93 ms
[92m[2025-08-25 11:31:27] [INFO] [0mPing: 283.93 ms
[92m[2025-08-25 11:31:32] [INFO] [0mPing: 283.93 ms
[92m[2025-08-25 11:31:37] [INFO] [0mPing: 283.93 ms
[92m[2025-08-25 11:31:42] [INFO] [0mPing: 283.93 ms
[92m[2025-08-25 11:31:47] [INFO] [0mPing: 283.93 ms
[92m[2025-08-25 11:31:52] [INFO] [0mPing: 250.46 ms
[92m[2025-08-25 11:31:57] [INFO] [0mPing: 250.46 ms
[92m[2025-08-25 11:32:02] [INFO] [0mPing: 250.46 ms
[92m[2025-08-25 11:32:07] [INFO] [0mPing: 250.46 ms
[92m[2025-08-25 11:32:12] [INFO] [0mPing: 250.46 ms
[92m[2025-08-25 11:32:17] [INFO] [0mPing: 250.46 ms
[92m[2025-08-25 11:32:22] [INFO] [0mPing: 250.46 ms
[92m[2025-08-25 11:32:27] [INFO] [0mPing: 250.46 ms
[92m[2025-08-25 11:32:32] [INFO] [0mPing: 285.18 ms
[92m[2025-08-25 11:32:37] [INFO] [0mPing: 285.18 ms
[92m[2025-08-25 11:32:42] [INFO] [0mPing: 285.18 ms
[92m[2025-08-25 11:32:47] [INFO] [0mPing: 285.18 ms
[92m[2025-08-25 11:32:52] [INFO] [0mPing: 285.18 ms
[92m[2025-08-25 11:32:57] [INFO] [0mPing: 285.18 ms
[92m[2025-08-25 11:33:02] [INFO] [0mPing: 285.18 ms
[92m[2025-08-25 11:33:07] [INFO] [0mPing: 285.18 ms
[92m[2025-08-25 11:33:12] [INFO] [0mPing: 279.63 ms
[92m[2025-08-25 11:33:17] [INFO] [0mPing: 279.63 ms
[92m[2025-08-25 11:33:22] [INFO] [0mPing: 279.63 ms
[92m[2025-08-25 11:33:27] [INFO] [0mPing: 279.63 ms
[92m[2025-08-25 11:33:32] [INFO] [0mPing: 279.63 ms
[92m[2025-08-25 11:33:37] [INFO] [0mPing: 279.63 ms
[92m[2025-08-25 11:33:42] [INFO] [0mPing: 279.63 ms
[92m[2025-08-25 11:33:47] [INFO] [0mPing: 279.63 ms
[92m[2025-08-25 11:33:52] [INFO] [0mPing: 289.3 ms
[92m[2025-08-25 11:33:57] [INFO] [0mPing: 289.3 ms
[92m[2025-08-25 11:34:02] [INFO] [0mPing: 289.3 ms
[92m[2025-08-25 11:34:07] [INFO] [0mPing: 289.3 ms
[92m[2025-08-25 11:34:12] [INFO] [0mPing: 289.3 ms
