[92m[2025-08-18 00:16:58] [INFO] [0mRunning python 3.13.5
[92m[2025-08-18 00:16:58] [INFO] [0mPython path: C:\Users\justk\PycharmProjects\Azurite\.venv\Scripts\python.exe
[33m[2025-08-18 00:16:58] [LOADING] [0mLoading Azurite
[92m[2025-08-18 00:16:58] [INFO] [0mBot path: C:\Users\justk\PycharmProjects\Azurite
[92m[2025-08-18 00:16:58] [INFO] [0mLog name: 2025-08-18-3.log
[92m[2025-08-18 00:17:01] [INFO] [0mdefault.zip
[92m[2025-08-18 00:17:01] [INFO] [0m - mapping.json
[92m[2025-08-18 00:17:01] [INFO] [0m - module.yml
[92m[2025-08-18 00:17:01] [INFO] [0m - assets/
[92m[2025-08-18 00:17:01] [INFO] [0m - commandGroup/
[92m[2025-08-18 00:17:01] [INFO] [0m - commands/
[92m[2025-08-18 00:17:01] [INFO] [0m - commands/pingCommand.py
[92m[2025-08-18 00:17:01] [INFO] [0m - commands/__init__.py
[92m[2025-08-18 00:17:01] [INFO] [0m - events/
[92m[2025-08-18 00:17:01] [INFO] [0mChecking package...
[32m[2025-08-18 00:17:01] [SUCCESS] [0mpackage discord.py exists!
[32m[2025-08-18 00:17:01] [SUCCESS] [0mpackage aiohttp exists!
[32m[2025-08-18 00:17:01] [SUCCESS] [0mpackage colorama exists!
[92m[2025-08-18 00:17:01] [INFO] [0mLoad pingCommand
[92m[2025-08-18 00:17:01] [INFO] [0mSuccess load pingCommand
[92m[2025-08-18 00:17:01] [INFO] [0mLoad 
[31m[2025-08-18 00:17:01] [ERROR] [0mNo module named 'commandGroup.'
[92m[2025-08-18 00:17:02] [INFO] [0m1
[92m[2025-08-18 00:17:02] [INFO] [0mBot has started
[92m[2025-08-18 10:38:56] [INFO] [0mRunning python 3.13.5
[92m[2025-08-18 10:38:56] [INFO] [0mPython path: C:\Users\justk\PycharmProjects\Azurite\.venv\Scripts\python.exe
[33m[2025-08-18 10:38:56] [LOADING] [0mLoading Azurite
[92m[2025-08-18 10:38:56] [INFO] [0mBot path: C:\Users\justk\PycharmProjects\Azurite
[92m[2025-08-18 10:38:56] [INFO] [0mLog name: 2025-08-18-3.log
[2025-08-18 10:38:59] [LOADER] Checking module
[2025-08-18 10:38:59] [LOADER] Loading 1 module.
[2025-08-18 10:38:59] [LOADER] Load module default.zip
[2025-08-18 10:39:00] [LOADER] Read mapping.json / default.zip
[92m[2025-08-18 10:39:00] [INFO] [0mChecking package...
[32m[2025-08-18 10:39:00] [SUCCESS] [0mpackage discord.py exists!
[32m[2025-08-18 10:39:00] [SUCCESS] [0mpackage aiohttp exists!
[32m[2025-08-18 10:39:00] [SUCCESS] [0mpackage colorama exists!
[92m[2025-08-18 10:39:00] [INFO] [0mLoad pingCommand
[92m[2025-08-18 10:39:00] [INFO] [0mSuccess load pingCommand
[92m[2025-08-18 10:39:00] [INFO] [0mLoad banCommand
[92m[2025-08-18 10:39:00] [INFO] [0mSuccess load banCommand
[32m[2025-08-18 10:39:00] [SUCCESS] [0m2 slash commands
[32m[2025-08-18 10:39:00] [SUCCESS] [0mBot has started
[92m[2025-08-18 10:42:30] [INFO] [0mRunning python 3.13.5
[92m[2025-08-18 10:42:30] [INFO] [0mPython path: C:\Users\justk\PycharmProjects\Azurite\.venv\Scripts\python.exe
[33m[2025-08-18 10:42:30] [LOADING] [0mLoading Azurite
[92m[2025-08-18 10:42:30] [INFO] [0mBot path: C:\Users\justk\PycharmProjects\Azurite
[92m[2025-08-18 10:42:30] [INFO] [0mLog name: 2025-08-18-3.log
[2025-08-18 10:42:34] [LOADER] Checking module
[2025-08-18 10:42:34] [LOADER] Loading 1 module.
[2025-08-18 10:42:34] [LOADER] Load module default.zip
[2025-08-18 10:42:34] [LOADER] Read mapping.json / default.zip
[92m[2025-08-18 10:42:34] [INFO] [0mChecking package...
[92m[2025-08-18 10:43:19] [INFO] [0mRunning python 3.13.5
[92m[2025-08-18 10:43:19] [INFO] [0mPython path: C:\Users\justk\PycharmProjects\Azurite\.venv\Scripts\python.exe
[33m[2025-08-18 10:43:19] [LOADING] [0mLoading Azurite
[92m[2025-08-18 10:43:19] [INFO] [0mBot path: C:\Users\justk\PycharmProjects\Azurite
[92m[2025-08-18 10:43:19] [INFO] [0mLog name: 2025-08-18-3.log
[2025-08-18 10:43:23] [LOADER] Checking module
[2025-08-18 10:43:23] [LOADER] Loading 1 module.
[2025-08-18 10:43:23] [LOADER] Load module default.zip
[2025-08-18 10:43:23] [LOADER] Read mapping.json / default.zip
[92m[2025-08-18 10:43:23] [INFO] [0mChecking package...
[92m[2025-08-18 10:45:48] [INFO] [0mRunning python 3.13.5
[92m[2025-08-18 10:45:48] [INFO] [0mPython path: C:\Users\justk\PycharmProjects\Azurite\.venv\Scripts\python.exe
[33m[2025-08-18 10:45:48] [LOADING] [0mLoading Azurite
[92m[2025-08-18 10:45:48] [INFO] [0mBot path: C:\Users\justk\PycharmProjects\Azurite
[92m[2025-08-18 10:45:48] [INFO] [0mLog name: 2025-08-18-3.log
[2025-08-18 10:45:52] [LOADER] Checking module
[2025-08-18 10:45:52] [LOADER] Loading 1 module.
[2025-08-18 10:45:52] [LOADER] Load module default.zip
[2025-08-18 10:45:52] [LOADER] Read mapping.json / default.zip
[92m[2025-08-18 10:45:52] [INFO] [0mChecking package...
[92m[2025-08-18 10:45:52] [INFO] [0mLoad pingCommand
[92m[2025-08-18 10:45:52] [INFO] [0mSuccess load pingCommand
[92m[2025-08-18 10:45:52] [INFO] [0mLoad banCommand
[92m[2025-08-18 10:45:52] [INFO] [0mSuccess load banCommand
[32m[2025-08-18 10:45:53] [SUCCESS] [0m2 slash commands
[32m[2025-08-18 10:45:53] [SUCCESS] [0mBot has started
[92m[2025-08-18 10:46:57] [INFO] [0mRunning python 3.13.5
[92m[2025-08-18 10:46:57] [INFO] [0mPython path: C:\Users\justk\PycharmProjects\Azurite\.venv\Scripts\python.exe
[33m[2025-08-18 10:46:57] [LOADING] [0mLoading Azurite
[92m[2025-08-18 10:46:57] [INFO] [0mBot path: C:\Users\justk\PycharmProjects\Azurite
[92m[2025-08-18 10:46:57] [INFO] [0mLog name: 2025-08-18-3.log
[2025-08-18 10:47:00] [LOADER] Checking module
[2025-08-18 10:47:00] [LOADER] Loading 1 module.
[2025-08-18 10:47:00] [LOADER] Load module default.zip
[2025-08-18 10:47:00] [LOADER] Read mapping.json / default.zip
[92m[2025-08-18 10:47:00] [INFO] [0mChecking package...
[92m[2025-08-18 10:47:00] [INFO] [0mLoad pingCommand
[92m[2025-08-18 10:47:00] [INFO] [0mSuccess load pingCommand
[92m[2025-08-18 10:47:00] [INFO] [0mLoad banCommand
[92m[2025-08-18 10:47:00] [INFO] [0mSuccess load banCommand
[32m[2025-08-18 10:47:01] [SUCCESS] [0m2 slash commands
[32m[2025-08-18 10:47:01] [SUCCESS] [0mBot has started
[92m[2025-08-18 10:47:25] [INFO] [0mRunning python 3.13.5
[92m[2025-08-18 10:47:25] [INFO] [0mPython path: C:\Users\justk\PycharmProjects\Azurite\.venv\Scripts\python.exe
[33m[2025-08-18 10:47:25] [LOADING] [0mLoading Azurite
[92m[2025-08-18 10:47:25] [INFO] [0mBot path: C:\Users\justk\PycharmProjects\Azurite
[92m[2025-08-18 10:47:25] [INFO] [0mLog name: 2025-08-18-3.log
[2025-08-18 10:47:29] [LOADER] Checking module
[2025-08-18 10:47:29] [LOADER] Loading 1 module.
[2025-08-18 10:47:29] [LOADER] Load module default.zip
[2025-08-18 10:47:29] [LOADER] Read mapping.json / default.zip
[92m[2025-08-18 10:47:29] [INFO] [0mChecking package...
[92m[2025-08-18 10:47:29] [INFO] [0mLoad pingCommand
[92m[2025-08-18 10:47:29] [INFO] [0mSuccess load pingCommand
[92m[2025-08-18 10:47:29] [INFO] [0mLoad banCommand
[92m[2025-08-18 10:47:29] [INFO] [0mSuccess load banCommand
[92m[2025-08-18 10:47:54] [INFO] [0mRunning python 3.13.5
[92m[2025-08-18 10:47:54] [INFO] [0mPython path: C:\Users\justk\PycharmProjects\Azurite\.venv\Scripts\python.exe
[33m[2025-08-18 10:47:54] [LOADING] [0mLoading Azurite
[92m[2025-08-18 10:47:54] [INFO] [0mBot path: C:\Users\justk\PycharmProjects\Azurite
[92m[2025-08-18 10:47:54] [INFO] [0mLog name: 2025-08-18-3.log
[2025-08-18 10:47:58] [LOADER] Checking module
[2025-08-18 10:47:58] [LOADER] Loading 1 module.
[2025-08-18 10:47:58] [LOADER] Load module default.zip
[2025-08-18 10:47:58] [LOADER] Read mapping.json / default.zip
[92m[2025-08-18 10:47:58] [INFO] [0mChecking package...
[92m[2025-08-18 10:47:58] [INFO] [0mLoad pingCommand
[92m[2025-08-18 10:47:58] [INFO] [0mSuccess load pingCommand
[92m[2025-08-18 10:47:58] [INFO] [0mLoad banCommand
[92m[2025-08-18 10:47:58] [INFO] [0mSuccess load banCommand
[92m[2025-08-18 10:48:12] [INFO] [0mRunning python 3.13.5
[92m[2025-08-18 10:48:12] [INFO] [0mPython path: C:\Users\justk\PycharmProjects\Azurite\.venv\Scripts\python.exe
[33m[2025-08-18 10:48:12] [LOADING] [0mLoading Azurite
[92m[2025-08-18 10:48:12] [INFO] [0mBot path: C:\Users\justk\PycharmProjects\Azurite
[92m[2025-08-18 10:48:12] [INFO] [0mLog name: 2025-08-18-3.log
[2025-08-18 10:48:17] [LOADER] Checking module
[2025-08-18 10:48:17] [LOADER] Loading 1 module.
[2025-08-18 10:48:17] [LOADER] Load module default.zip
[2025-08-18 10:48:17] [LOADER] Read mapping.json / default.zip
[92m[2025-08-18 10:48:17] [INFO] [0mChecking package...
[92m[2025-08-18 10:48:17] [INFO] [0mLoad pingCommand
[92m[2025-08-18 10:48:17] [INFO] [0mSuccess load pingCommand
[92m[2025-08-18 10:48:17] [INFO] [0mLoad banCommand
[92m[2025-08-18 10:48:17] [INFO] [0mSuccess load banCommand
[92m[2025-08-18 10:48:55] [INFO] [0mRunning python 3.13.5
[92m[2025-08-18 10:48:55] [INFO] [0mPython path: C:\Users\justk\PycharmProjects\Azurite\.venv\Scripts\python.exe
[33m[2025-08-18 10:48:55] [LOADING] [0mLoading Azurite
[92m[2025-08-18 10:48:55] [INFO] [0mBot path: C:\Users\justk\PycharmProjects\Azurite
[92m[2025-08-18 10:48:55] [INFO] [0mLog name: 2025-08-18-3.log
[2025-08-18 10:48:59] [LOADER] Checking module
[2025-08-18 10:48:59] [LOADER] Loading 1 module.
[2025-08-18 10:48:59] [LOADER] Load module default.zip
[2025-08-18 10:48:59] [LOADER] Read mapping.json / default.zip
[92m[2025-08-18 10:48:59] [INFO] [0mChecking package...
[92m[2025-08-18 10:48:59] [INFO] [0mLoad pingCommand
[92m[2025-08-18 10:48:59] [INFO] [0mSuccess load pingCommand
[92m[2025-08-18 10:48:59] [INFO] [0mLoad banCommand
[92m[2025-08-18 10:48:59] [INFO] [0mSuccess load banCommand
[92m[2025-08-18 10:49:21] [INFO] [0mRunning python 3.13.5
[92m[2025-08-18 10:49:21] [INFO] [0mPython path: C:\Users\justk\PycharmProjects\Azurite\.venv\Scripts\python.exe
[33m[2025-08-18 10:49:21] [LOADING] [0mLoading Azurite
[92m[2025-08-18 10:49:21] [INFO] [0mBot path: C:\Users\justk\PycharmProjects\Azurite
[92m[2025-08-18 10:49:21] [INFO] [0mLog name: 2025-08-18-3.log
[2025-08-18 10:49:24] [LOADER] Checking module
[2025-08-18 10:49:24] [LOADER] Loading 1 module.
[2025-08-18 10:49:24] [LOADER] Load module default.zip
[2025-08-18 10:49:24] [LOADER] Read mapping.json / default.zip
[92m[2025-08-18 10:49:24] [INFO] [0mChecking package...
[92m[2025-08-18 10:51:20] [INFO] [0mRunning python 3.13.5
[92m[2025-08-18 10:51:20] [INFO] [0mPython path: C:\Users\justk\PycharmProjects\Azurite\.venv\Scripts\python.exe
[33m[2025-08-18 10:51:20] [LOADING] [0mLoading Azurite
[92m[2025-08-18 10:51:20] [INFO] [0mBot path: C:\Users\justk\PycharmProjects\Azurite
[92m[2025-08-18 10:51:20] [INFO] [0mLog name: 2025-08-18-3.log
[2025-08-18 10:51:24] [LOADER] Checking module
[2025-08-18 10:51:24] [LOADER] Loading 1 module.
[2025-08-18 10:51:24] [LOADER] Load module default.zip
[2025-08-18 10:51:24] [LOADER] Read mapping.json / default.zip
[92m[2025-08-18 10:51:24] [INFO] [0mChecking package...
[92m[2025-08-18 10:52:37] [INFO] [0mRunning python 3.13.5
[92m[2025-08-18 10:52:37] [INFO] [0mPython path: C:\Users\justk\PycharmProjects\Azurite\.venv\Scripts\python.exe
[33m[2025-08-18 10:52:37] [LOADING] [0mLoading Azurite
[92m[2025-08-18 10:52:37] [INFO] [0mBot path: C:\Users\justk\PycharmProjects\Azurite
[92m[2025-08-18 10:52:37] [INFO] [0mLog name: 2025-08-18-3.log
[2025-08-18 10:52:40] [LOADER] Checking module
[2025-08-18 10:52:40] [LOADER] Loading 1 module.
[2025-08-18 10:52:40] [LOADER] Load module default.zip
[2025-08-18 10:52:40] [LOADER] Read mapping.json / default.zip
[92m[2025-08-18 10:52:40] [INFO] [0mChecking package...
[92m[2025-08-18 10:53:14] [INFO] [0mRunning python 3.13.5
[92m[2025-08-18 10:53:14] [INFO] [0mPython path: C:\Users\justk\PycharmProjects\Azurite\.venv\Scripts\python.exe
[33m[2025-08-18 10:53:14] [LOADING] [0mLoading Azurite
[92m[2025-08-18 10:53:14] [INFO] [0mBot path: C:\Users\justk\PycharmProjects\Azurite
[92m[2025-08-18 10:53:14] [INFO] [0mLog name: 2025-08-18-3.log
[2025-08-18 10:53:18] [LOADER] Checking module
[2025-08-18 10:53:18] [LOADER] Loading 1 module.
[2025-08-18 10:53:18] [LOADER] Load module default.zip
[2025-08-18 10:53:18] [LOADER] Read mapping.json / default.zip
[92m[2025-08-18 10:53:18] [INFO] [0mChecking package...
[92m[2025-08-18 10:54:01] [INFO] [0mRunning python 3.13.5
[92m[2025-08-18 10:54:01] [INFO] [0mPython path: C:\Users\justk\PycharmProjects\Azurite\.venv\Scripts\python.exe
[33m[2025-08-18 10:54:01] [LOADING] [0mLoading Azurite
[92m[2025-08-18 10:54:01] [INFO] [0mBot path: C:\Users\justk\PycharmProjects\Azurite
[92m[2025-08-18 10:54:01] [INFO] [0mLog name: 2025-08-18-3.log
[2025-08-18 10:54:04] [LOADER] Checking module
[2025-08-18 10:54:04] [LOADER] Loading 1 module.
[2025-08-18 10:54:04] [LOADER] Load module default.zip
[2025-08-18 10:54:04] [LOADER] Read mapping.json / default.zip
[92m[2025-08-18 10:54:04] [INFO] [0mChecking package...
[92m[2025-08-18 10:54:12] [INFO] [0mRunning python 3.13.5
[92m[2025-08-18 10:54:12] [INFO] [0mPython path: C:\Users\justk\PycharmProjects\Azurite\.venv\Scripts\python.exe
[33m[2025-08-18 10:54:12] [LOADING] [0mLoading Azurite
[92m[2025-08-18 10:54:12] [INFO] [0mBot path: C:\Users\justk\PycharmProjects\Azurite
[92m[2025-08-18 10:54:12] [INFO] [0mLog name: 2025-08-18-3.log
[2025-08-18 10:54:15] [LOADER] Checking module
[2025-08-18 10:54:15] [LOADER] Loading 1 module.
[2025-08-18 10:54:15] [LOADER] Load module default.zip
[2025-08-18 10:54:15] [LOADER] Read mapping.json / default.zip
[92m[2025-08-18 10:54:15] [INFO] [0mChecking package...
[92m[2025-08-18 10:55:03] [INFO] [0mRunning python 3.13.5
[92m[2025-08-18 10:55:03] [INFO] [0mPython path: C:\Users\justk\PycharmProjects\Azurite\.venv\Scripts\python.exe
[33m[2025-08-18 10:55:03] [LOADING] [0mLoading Azurite
[92m[2025-08-18 10:55:03] [INFO] [0mBot path: C:\Users\justk\PycharmProjects\Azurite
[92m[2025-08-18 10:55:03] [INFO] [0mLog name: 2025-08-18-3.log
[2025-08-18 10:55:06] [LOADER] Checking module
[2025-08-18 10:55:06] [LOADER] Loading 1 module.
[2025-08-18 10:55:06] [LOADER] Load module default.zip
[2025-08-18 10:55:06] [LOADER] Read mapping.json / default.zip
[92m[2025-08-18 10:55:06] [INFO] [0mChecking package...
[92m[2025-08-18 10:56:00] [INFO] [0mRunning python 3.13.5
[92m[2025-08-18 10:56:00] [INFO] [0mPython path: C:\Users\justk\PycharmProjects\Azurite\.venv\Scripts\python.exe
[33m[2025-08-18 10:56:00] [LOADING] [0mLoading Azurite
[92m[2025-08-18 10:56:00] [INFO] [0mBot path: C:\Users\justk\PycharmProjects\Azurite
[92m[2025-08-18 10:56:00] [INFO] [0mLog name: 2025-08-18-3.log
[2025-08-18 10:56:03] [LOADER] Checking module
[2025-08-18 10:56:03] [LOADER] Loading 1 module.
[2025-08-18 10:56:03] [LOADER] Load module default.zip
[2025-08-18 10:56:03] [LOADER] Read mapping.json / default.zip
[92m[2025-08-18 10:56:03] [INFO] [0mChecking package...
[92m[2025-08-18 10:56:03] [INFO] [0m[MODULE] Hello world, I am the default module of Azurite
[92m[2025-08-18 10:56:03] [INFO] [0mLoad pingCommand
[92m[2025-08-18 10:56:03] [INFO] [0mSuccess load pingCommand
[92m[2025-08-18 10:56:03] [INFO] [0mLoad banCommand
[92m[2025-08-18 10:56:03] [INFO] [0mSuccess load banCommand
[32m[2025-08-18 10:56:04] [SUCCESS] [0m2 slash commands
[32m[2025-08-18 10:56:04] [SUCCESS] [0mBot has started
[92m[2025-08-18 10:56:31] [INFO] [0mRunning python 3.13.5
[92m[2025-08-18 10:56:31] [INFO] [0mPython path: C:\Users\justk\PycharmProjects\Azurite\.venv\Scripts\python.exe
[33m[2025-08-18 10:56:31] [LOADING] [0mLoading Azurite
[92m[2025-08-18 10:56:31] [INFO] [0mBot path: C:\Users\justk\PycharmProjects\Azurite
[92m[2025-08-18 10:56:31] [INFO] [0mLog name: 2025-08-18-3.log
[2025-08-18 10:56:35] [LOADER] Checking module
[2025-08-18 10:56:35] [LOADER] Loading 1 module.
[2025-08-18 10:56:35] [LOADER] Load module default.zip
[2025-08-18 10:56:35] [LOADER] Read mapping.json / default.zip
[92m[2025-08-18 10:56:35] [INFO] [0mChecking package...
[92m[2025-08-18 10:56:35] [INFO] [0m[MODULE] Hello world, I am the default module of Azurite
[92m[2025-08-18 10:56:35] [INFO] [0mLoad pingCommand
[92m[2025-08-18 10:56:35] [INFO] [0mSuccess load pingCommand
[92m[2025-08-18 10:56:35] [INFO] [0mLoad banCommand
[92m[2025-08-18 10:56:35] [INFO] [0mSuccess load banCommand
[32m[2025-08-18 10:56:35] [SUCCESS] [0m2 slash commands
[32m[2025-08-18 10:56:35] [SUCCESS] [0mBot has started
