[92m[2025-08-25 10:33:06] [INFO] [0mRunning python 3.13.5
[92m[2025-08-25 10:33:06] [INFO] [0mPython path: C:\Users\justk\PycharmProjects\Azurite\.venv\Scripts\python.exe
[33m[2025-08-25 10:33:06] [LOADING] [0mLoading Azurite Pre-Alpha-1.0
[33m[2025-08-25 10:33:06] [LOADING] [0mBot path: C:\Users\justk\PycharmProjects\Azurite
[33m[2025-08-25 10:33:07] [LOADING] [0mLog name: 2025-08-25-4.log
[33m[2025-08-25 10:33:08] [LOADING] [0mApi Status code: 200
[33m[2025-08-25 10:33:08] [LOADING] [0mValid Token!
[2025-08-25 10:33:11] [LOADER] Module AzuriteDefault valid
[2025-08-25 10:33:11] [LOADER] Currently checking the module
[2025-08-25 10:33:11] [LOADER] Loading 1
[2025-08-25 10:33:11] [LOADER] Load module AzuriteDefault
[92m[2025-08-25 10:33:12] [INFO] [0m[AzuriteDefault] Hello world, I am the default module of Azurite
[32m[2025-08-25 10:33:12] [SUCCESS] [0mDone, waiting for sync..
[32m[2025-08-25 10:33:12] [SUCCESS] [0m0 slash commands
[92m[2025-08-25 10:33:12] [INFO] [0mLoad local events
[32m[2025-08-25 10:33:12] [SUCCESS] [0mBot has started
[92m[2025-08-25 10:33:12] [INFO] [0mPing: 276.98000002419576 ms
[92m[2025-08-25 10:33:17] [INFO] [0mPing: 276.98000002419576 ms
[92m[2025-08-25 10:33:22] [INFO] [0mPing: 276.98000002419576 ms
[92m[2025-08-25 10:33:27] [INFO] [0mPing: 276.98000002419576 ms
